<?xml version="1.0" encoding="utf-8" standalone="no"?>
<!--This file represents the results of running a test suite-->
<test-results name="E:\Jarrod\Desktop\Tic-Tac-Toe-SDTP-Project\TicTacToe\TicTacToe.Tests\bin\Debug\TicTacToe.Tests.dll" total="3" errors="0" failures="0" not-run="0" inconclusive="0" ignored="0" skipped="0" invalid="0" date="2015-11-05" time="02:28:20">
  <environment nunit-version="2.6.4.14350" clr-version="2.0.50727.5485" os-version="Microsoft Windows NT 6.1.7601 Service Pack 1" platform="Win32NT" cwd="E:\Jarrod\Desktop\Tic-Tac-Toe-SDTP-Project\TicTacToe\TicTacToe.Tests\packages\NUnit.Runners.2.6.4\tools" machine-name="JARROD-PC" user="Jarrod" user-domain="Jarrod-PC" />
  <culture-info current-culture="en-US" current-uiculture="en-US" />
  <test-suite type="Assembly" name="E:\Jarrod\Desktop\Tic-Tac-Toe-SDTP-Project\TicTacToe\TicTacToe.Tests\bin\Debug\TicTacToe.Tests.dll" executed="True" result="Success" success="True" time="0.234" asserts="0">
    <results>
      <test-suite type="Namespace" name="TicTacToe" executed="True" result="Success" success="True" time="0.230" asserts="0">
        <results>
          <test-suite type="Namespace" name="Tests" executed="True" result="Success" success="True" time="0.230" asserts="0">
            <results>
              <test-suite type="TestFixture" name="Test" executed="True" result="Success" success="True" time="0.229" asserts="0">
                <results>
                  <test-case name="TicTacToe.Tests.Test.TestFullGrid" executed="True" result="Success" success="True" time="0.079" asserts="2" />
                  <test-case name="TicTacToe.Tests.Test.TestPopulateGrid" executed="True" result="Success" success="True" time="0.001" asserts="4" />
                  <test-case name="TicTacToe.Tests.Test.TestWinGrid" executed="True" result="Success" success="True" time="0.141" asserts="3" />
                </results>
              </test-suite>
            </results>
          </test-suite>
        </results>
      </test-suite>
    </results>
  </test-suite>
</test-results>