<?xml version="1.0" encoding="utf-8" standalone="no"?>
<!--This file represents the results of running a test suite-->
<test-results name="E:\Jarrod\Desktop\Tic-Tac-Toe-SDTP-Project\TicTacToe\packages\NUnit.Runners.2.6.4\tools\pnunit.tests.dll" total="1" errors="1" failures="0" not-run="0" inconclusive="0" ignored="0" skipped="0" invalid="0" date="2015-11-04" time="20:31:36">
  <environment nunit-version="2.6.4.14350" clr-version="2.0.50727.5485" os-version="Microsoft Windows NT 6.1.7601 Service Pack 1" platform="Win32NT" cwd="E:\Jarrod\Desktop\Tic-Tac-Toe-SDTP-Project\TicTacToe\packages\NUnit.Runners.2.6.4\tools" machine-name="JARROD-PC" user="Jarrod" user-domain="Jarrod-PC" />
  <culture-info current-culture="en-US" current-uiculture="en-US" />
  <test-suite type="Assembly" name="E:\Jarrod\Desktop\Tic-Tac-Toe-SDTP-Project\TicTacToe\packages\NUnit.Runners.2.6.4\tools\pnunit.tests.dll" executed="True" result="Failure" success="False" time="0.052" asserts="0">
    <results>
      <test-suite type="Namespace" name="TestLibraries" executed="True" result="Failure" success="False" time="0.032" asserts="0">
        <results>
          <test-suite type="TestFixture" name="ParallelExampleWithBarriers" executed="True" result="Failure" success="False" time="0.031" asserts="0">
            <results>
              <test-case name="TestLibraries.ParallelExampleWithBarriers.ParallelTestWithBarriersA" executed="True" result="Error" success="False" time="0.019" asserts="0">
                <failure>
                  <message><![CDATA[System.Exception : mInstance is null]]></message>
                  <stack-trace><![CDATA[at PNUnit.Framework.PNUnitServices.Get()
at TestLibraries.ParallelExampleWithBarriers.ParallelTestWithBarriersA()
]]></stack-trace>
                </failure>
              </test-case>
            </results>
          </test-suite>
        </results>
      </test-suite>
    </results>
  </test-suite>
</test-results>